<?xml version="1.0" encoding="utf-8"?><testsuites name="pytest tests"><testsuite name="pytest" errors="0" failures="0" skipped="0" tests="11" time="5.615" timestamp="2026-05-16T19:23:28.859022+00:00" hostname="agent-env-622e186e-4aa1-414e-9c47-87abf3dcdf1e"><testcase classname="backend.tests.test_health_report_refresh.TestHealthReportEndpoint" name="test_health_endpoint_available" time="0.212" /><testcase classname="backend.tests.test_health_report_refresh.TestHealthReportEndpoint" name="test_health_report_aapl" time="0.761" /><testcase classname="backend.tests.test_health_report_refresh.TestHealthReportEndpoint" name="test_health_report_msft" time="0.775" /><testcase classname="backend.tests.test_health_report_refresh.TestHealthReportEndpoint" name="test_health_report_googl" time="0.692" /><testcase classname="backend.tests.test_health_report_refresh.TestHealthReportEndpoint" name="test_health_report_response_time" time="0.778" /><testcase classname="backend.tests.test_health_report_refresh.TestHealthReportEndpoint" name="test_health_report_current_metrics" time="0.262" /><testcase classname="backend.tests.test_health_report_refresh.TestHealthReportEndpoint" name="test_health_report_trends" time="0.153" /><testcase classname="backend.tests.test_health_report_refresh.TestHealthReportEndpoint" name="test_health_report_sentiment" time="0.200" /><testcase classname="backend.tests.test_health_report_refresh.TestHealthReportEndpoint" name="test_health_report_invalid_ticker" time="0.942" /><testcase classname="backend.tests.test_health_report_refresh.TestRefreshFunctionality" name="test_consecutive_refresh_calls" time="0.602" /><testcase classname="backend.tests.test_health_report_refresh.TestRefreshFunctionality" name="test_refresh_returns_fresh_data" time="0.160" /></testsuite></testsuites>