<?xml version="1.0" encoding="utf-8"?><testsuites name="pytest tests"><testsuite name="pytest" errors="0" failures="0" skipped="0" tests="30" time="8.777" timestamp="2026-05-16T21:49:12.401625+00:00" hostname="agent-env-622e186e-4aa1-414e-9c47-87abf3dcdf1e"><testcase classname="backend.tests.test_stock_history_nan_fix.TestMSFTHistoryRegression" name="test_msft_history_1y_returns_200_and_finite_ohlc" time="0.652" /><testcase classname="backend.tests.test_stock_history_nan_fix.TestMSFTHistoryRegression" name="test_msft_history_all_periods[1mo]" time="0.275" /><testcase classname="backend.tests.test_stock_history_nan_fix.TestMSFTHistoryRegression" name="test_msft_history_all_periods[3mo]" time="0.220" /><testcase classname="backend.tests.test_stock_history_nan_fix.TestMSFTHistoryRegression" name="test_msft_history_all_periods[6mo]" time="0.212" /><testcase classname="backend.tests.test_stock_history_nan_fix.TestMSFTHistoryRegression" name="test_msft_history_all_periods[1y]" time="0.081" /><testcase classname="backend.tests.test_stock_history_nan_fix.TestMSFTHistoryRegression" name="test_msft_history_all_periods[5y]" time="0.375" /><testcase classname="backend.tests.test_stock_history_nan_fix.TestBroadTickerHistory" name="test_history_1y_returns_finite_ohlc[AAPL]" time="0.248" /><testcase classname="backend.tests.test_stock_history_nan_fix.TestBroadTickerHistory" name="test_history_1y_returns_finite_ohlc[GOOGL]" time="0.207" /><testcase classname="backend.tests.test_stock_history_nan_fix.TestBroadTickerHistory" name="test_history_1y_returns_finite_ohlc[NVDA]" time="0.180" /><testcase classname="backend.tests.test_stock_history_nan_fix.TestBroadTickerHistory" name="test_history_1y_returns_finite_ohlc[TSLA]" time="0.218" /><testcase classname="backend.tests.test_stock_history_nan_fix.TestBroadTickerHistory" name="test_history_1y_returns_finite_ohlc[AMZN]" time="0.202" /><testcase classname="backend.tests.test_stock_history_nan_fix.TestBroadTickerHistory" name="test_history_1y_returns_finite_ohlc[META]" time="0.284" /><testcase classname="backend.tests.test_stock_history_nan_fix.TestBroadTickerHistory" name="test_history_1y_returns_finite_ohlc[CRM]" time="0.226" /><testcase classname="backend.tests.test_stock_history_nan_fix.TestBroadTickerHistory" name="test_history_1y_returns_finite_ohlc[ABT]" time="0.254" /><testcase classname="backend.tests.test_stock_history_nan_fix.TestBroadTickerHistory" name="test_history_1y_returns_finite_ohlc[JNJ]" time="0.332" /><testcase classname="backend.tests.test_stock_history_nan_fix.TestBroadTickerHistory" name="test_history_1y_returns_finite_ohlc[KO]" time="0.565" /><testcase classname="backend.tests.test_stock_history_nan_fix.TestBroadTickerHistory" name="test_history_1y_returns_finite_ohlc[V]" time="0.249" /><testcase classname="backend.tests.test_stock_history_nan_fix.TestBroadTickerHistory" name="test_history_1y_returns_finite_ohlc[PFE]" time="0.217" /><testcase classname="backend.tests.test_stock_history_nan_fix.TestBroadTickerHistory" name="test_history_1y_returns_finite_ohlc[ORCL]" time="0.164" /><testcase classname="backend.tests.test_stock_history_nan_fix.TestBroadTickerHistory" name="test_history_1y_returns_finite_ohlc[NFLX]" time="0.172" /><testcase classname="backend.tests.test_stock_history_nan_fix.TestBroadTickerHistory" name="test_history_1y_returns_finite_ohlc[BAC]" time="0.196" /><testcase classname="backend.tests.test_stock_history_nan_fix.TestBroadTickerHistory" name="test_history_1y_returns_finite_ohlc[INTC]" time="0.211" /><testcase classname="backend.tests.test_stock_history_nan_fix.TestBroadTickerHistory" name="test_history_1y_returns_finite_ohlc[PG]" time="0.433" /><testcase classname="backend.tests.test_stock_history_nan_fix.TestHistoryInvalidTicker" name="test_invalid_ticker_returns_404" time="1.123" /><testcase classname="backend.tests.test_stock_history_nan_fix.TestMSFTOtherEndpointsRegression" name="test_quote" time="0.401" /><testcase classname="backend.tests.test_stock_history_nan_fix.TestMSFTOtherEndpointsRegression" name="test_earnings_snapshot" time="0.075" /><testcase classname="backend.tests.test_stock_history_nan_fix.TestMSFTOtherEndpointsRegression" name="test_earnings_link" time="0.075" /><testcase classname="backend.tests.test_stock_history_nan_fix.TestMSFTOtherEndpointsRegression" name="test_health_report" time="0.414" /><testcase classname="backend.tests.test_stock_history_nan_fix.TestMSFTOtherEndpointsRegression" name="test_news" time="0.291" /><testcase classname="backend.tests.test_stock_history_nan_fix.TestMSFTOtherEndpointsRegression" name="test_bull_bear_sentiment" time="0.168" /></testsuite></testsuites>