<?xml version="1.0" encoding="utf-8"?><testsuites name="pytest tests"><testsuite name="pytest" errors="0" failures="0" skipped="0" tests="87" time="31.387" timestamp="2026-05-16T22:11:29.645004+00:00" hostname="agent-env-622e186e-4aa1-414e-9c47-87abf3dcdf1e"><testcase classname="backend.tests.test_nan_inf_defensive_hardening.TestQuoteEndpoint" name="test_quote_200_and_json_safe[MSFT]" time="0.780" /><testcase classname="backend.tests.test_nan_inf_defensive_hardening.TestQuoteEndpoint" name="test_quote_200_and_json_safe[AAPL]" time="0.402" /><testcase classname="backend.tests.test_nan_inf_defensive_hardening.TestQuoteEndpoint" name="test_quote_200_and_json_safe[GOOGL]" time="0.449" /><testcase classname="backend.tests.test_nan_inf_defensive_hardening.TestQuoteEndpoint" name="test_quote_200_and_json_safe[NVDA]" time="0.384" /><testcase classname="backend.tests.test_nan_inf_defensive_hardening.TestQuoteEndpoint" name="test_quote_200_and_json_safe[TSLA]" time="0.372" /><testcase classname="backend.tests.test_nan_inf_defensive_hardening.TestQuoteEndpoint" name="test_quote_200_and_json_safe[AMZN]" time="0.349" /><testcase classname="backend.tests.test_nan_inf_defensive_hardening.TestQuoteEndpoint" name="test_quote_200_and_json_safe[META]" time="0.823" /><testcase classname="backend.tests.test_nan_inf_defensive_hardening.TestQuoteEndpoint" name="test_quote_200_and_json_safe[CRM]" time="0.384" /><testcase classname="backend.tests.test_nan_inf_defensive_hardening.TestQuoteEndpoint" name="test_quote_200_and_json_safe[ABT]" time="0.449" /><testcase classname="backend.tests.test_nan_inf_defensive_hardening.TestQuoteEndpoint" name="test_quote_200_and_json_safe[JNJ]" time="0.490" /><testcase classname="backend.tests.test_nan_inf_defensive_hardening.TestQuoteEndpoint" name="test_quote_200_and_json_safe[KO]" time="0.436" /><testcase classname="backend.tests.test_nan_inf_defensive_hardening.TestQuoteEndpoint" name="test_quote_200_and_json_safe[V]" time="0.418" /><testcase classname="backend.tests.test_nan_inf_defensive_hardening.TestQuoteEndpoint" name="test_quote_200_and_json_safe[PFE]" time="0.483" /><testcase classname="backend.tests.test_nan_inf_defensive_hardening.TestQuoteEndpoint" name="test_quote_200_and_json_safe[ORCL]" time="0.417" /><testcase classname="backend.tests.test_nan_inf_defensive_hardening.TestQuoteEndpoint" name="test_quote_200_and_json_safe[NFLX]" time="0.370" /><testcase classname="backend.tests.test_nan_inf_defensive_hardening.TestQuoteEndpoint" name="test_quote_200_and_json_safe[BAC]" time="0.379" /><testcase classname="backend.tests.test_nan_inf_defensive_hardening.TestQuoteEndpoint" name="test_quote_200_and_json_safe[INTC]" time="0.518" /><testcase classname="backend.tests.test_nan_inf_defensive_hardening.TestQuoteEndpoint" name="test_quote_200_and_json_safe[PG]" time="0.489" /><testcase classname="backend.tests.test_nan_inf_defensive_hardening.TestQuoteEndpoint" name="test_quote_200_and_json_safe[RELIANCE.NS]" time="0.511" /><testcase classname="backend.tests.test_nan_inf_defensive_hardening.TestQuoteEndpoint" name="test_quote_200_and_json_safe[TCS.NS]" time="0.398" /><testcase classname="backend.tests.test_nan_inf_defensive_hardening.TestQuoteEndpoint" name="test_quote_premarket_postmarket_subobjects[MSFT]" time="0.193" /><testcase classname="backend.tests.test_nan_inf_defensive_hardening.TestQuoteEndpoint" name="test_quote_premarket_postmarket_subobjects[AAPL]" time="0.172" /><testcase classname="backend.tests.test_nan_inf_defensive_hardening.TestQuoteEndpoint" name="test_quote_premarket_postmarket_subobjects[NVDA]" time="0.179" /><testcase classname="backend.tests.test_nan_inf_defensive_hardening.TestEarningsSnapshotEndpoint" name="test_earnings_snapshot_200_and_json_safe[MSFT]" time="0.073" /><testcase classname="backend.tests.test_nan_inf_defensive_hardening.TestEarningsSnapshotEndpoint" name="test_earnings_snapshot_200_and_json_safe[AAPL]" time="0.074" /><testcase classname="backend.tests.test_nan_inf_defensive_hardening.TestEarningsSnapshotEndpoint" name="test_earnings_snapshot_200_and_json_safe[GOOGL]" time="0.170" /><testcase classname="backend.tests.test_nan_inf_defensive_hardening.TestEarningsSnapshotEndpoint" name="test_earnings_snapshot_200_and_json_safe[NVDA]" time="0.073" /><testcase classname="backend.tests.test_nan_inf_defensive_hardening.TestEarningsSnapshotEndpoint" name="test_earnings_snapshot_200_and_json_safe[TSLA]" time="0.170" /><testcase classname="backend.tests.test_nan_inf_defensive_hardening.TestEarningsSnapshotEndpoint" name="test_earnings_snapshot_200_and_json_safe[AMZN]" time="0.182" /><testcase classname="backend.tests.test_nan_inf_defensive_hardening.TestEarningsSnapshotEndpoint" name="test_earnings_snapshot_200_and_json_safe[META]" time="0.225" /><testcase classname="backend.tests.test_nan_inf_defensive_hardening.TestEarningsSnapshotEndpoint" name="test_earnings_snapshot_200_and_json_safe[CRM]" time="0.160" /><testcase classname="backend.tests.test_nan_inf_defensive_hardening.TestEarningsSnapshotEndpoint" name="test_earnings_snapshot_200_and_json_safe[ABT]" time="0.177" /><testcase classname="backend.tests.test_nan_inf_defensive_hardening.TestEarningsSnapshotEndpoint" name="test_earnings_snapshot_200_and_json_safe[JNJ]" time="0.174" /><testcase classname="backend.tests.test_nan_inf_defensive_hardening.TestEarningsSnapshotEndpoint" name="test_earnings_snapshot_200_and_json_safe[KO]" time="0.170" /><testcase classname="backend.tests.test_nan_inf_defensive_hardening.TestEarningsSnapshotEndpoint" name="test_earnings_snapshot_200_and_json_safe[V]" time="0.181" /><testcase classname="backend.tests.test_nan_inf_defensive_hardening.TestEarningsSnapshotEndpoint" name="test_earnings_snapshot_200_and_json_safe[PFE]" time="0.160" /><testcase classname="backend.tests.test_nan_inf_defensive_hardening.TestEarningsSnapshotEndpoint" name="test_earnings_snapshot_200_and_json_safe[ORCL]" time="0.178" /><testcase classname="backend.tests.test_nan_inf_defensive_hardening.TestEarningsSnapshotEndpoint" name="test_earnings_snapshot_200_and_json_safe[NFLX]" time="0.203" /><testcase classname="backend.tests.test_nan_inf_defensive_hardening.TestEarningsSnapshotEndpoint" name="test_earnings_snapshot_200_and_json_safe[BAC]" time="0.187" /><testcase classname="backend.tests.test_nan_inf_defensive_hardening.TestEarningsSnapshotEndpoint" name="test_earnings_snapshot_200_and_json_safe[INTC]" time="0.176" /><testcase classname="backend.tests.test_nan_inf_defensive_hardening.TestEarningsSnapshotEndpoint" name="test_earnings_snapshot_200_and_json_safe[PG]" time="0.174" /><testcase classname="backend.tests.test_nan_inf_defensive_hardening.TestEarningsSnapshotEndpoint" name="test_earnings_snapshot_200_and_json_safe[RELIANCE.NS]" time="0.197" /><testcase classname="backend.tests.test_nan_inf_defensive_hardening.TestEarningsSnapshotEndpoint" name="test_earnings_snapshot_200_and_json_safe[TCS.NS]" time="0.184" /><testcase classname="backend.tests.test_nan_inf_defensive_hardening.TestHealthReportEndpoint" name="test_health_report_200_and_json_safe[MSFT]" time="0.509" /><testcase classname="backend.tests.test_nan_inf_defensive_hardening.TestHealthReportEndpoint" name="test_health_report_200_and_json_safe[AAPL]" time="0.541" /><testcase classname="backend.tests.test_nan_inf_defensive_hardening.TestHealthReportEndpoint" name="test_health_report_200_and_json_safe[GOOGL]" time="0.543" /><testcase classname="backend.tests.test_nan_inf_defensive_hardening.TestHealthReportEndpoint" name="test_health_report_200_and_json_safe[NVDA]" time="0.534" /><testcase classname="backend.tests.test_nan_inf_defensive_hardening.TestHealthReportEndpoint" name="test_health_report_200_and_json_safe[TSLA]" time="0.562" /><testcase classname="backend.tests.test_nan_inf_defensive_hardening.TestHealthReportEndpoint" name="test_health_report_200_and_json_safe[AMZN]" time="0.652" /><testcase classname="backend.tests.test_nan_inf_defensive_hardening.TestHealthReportEndpoint" name="test_health_report_200_and_json_safe[META]" time="0.503" /><testcase classname="backend.tests.test_nan_inf_defensive_hardening.TestHealthReportEndpoint" name="test_health_report_200_and_json_safe[CRM]" time="0.450" /><testcase classname="backend.tests.test_nan_inf_defensive_hardening.TestHealthReportEndpoint" name="test_health_report_200_and_json_safe[ABT]" time="0.510" /><testcase classname="backend.tests.test_nan_inf_defensive_hardening.TestHealthReportEndpoint" name="test_health_report_200_and_json_safe[JNJ]" time="0.603" /><testcase classname="backend.tests.test_nan_inf_defensive_hardening.TestHealthReportEndpoint" name="test_health_report_200_and_json_safe[KO]" time="0.585" /><testcase classname="backend.tests.test_nan_inf_defensive_hardening.TestHealthReportEndpoint" name="test_health_report_200_and_json_safe[V]" time="0.593" /><testcase classname="backend.tests.test_nan_inf_defensive_hardening.TestHealthReportEndpoint" name="test_health_report_200_and_json_safe[PFE]" time="0.656" /><testcase classname="backend.tests.test_nan_inf_defensive_hardening.TestHealthReportEndpoint" name="test_health_report_200_and_json_safe[ORCL]" time="0.568" /><testcase classname="backend.tests.test_nan_inf_defensive_hardening.TestHealthReportEndpoint" name="test_health_report_200_and_json_safe[NFLX]" time="0.600" /><testcase classname="backend.tests.test_nan_inf_defensive_hardening.TestHealthReportEndpoint" name="test_health_report_200_and_json_safe[BAC]" time="0.603" /><testcase classname="backend.tests.test_nan_inf_defensive_hardening.TestHealthReportEndpoint" name="test_health_report_200_and_json_safe[INTC]" time="0.550" /><testcase classname="backend.tests.test_nan_inf_defensive_hardening.TestHealthReportEndpoint" name="test_health_report_200_and_json_safe[PG]" time="0.646" /><testcase classname="backend.tests.test_nan_inf_defensive_hardening.TestHealthReportEndpoint" name="test_health_report_200_and_json_safe[RELIANCE.NS]" time="0.543" /><testcase classname="backend.tests.test_nan_inf_defensive_hardening.TestHealthReportEndpoint" name="test_health_report_200_and_json_safe[TCS.NS]" time="0.535" /><testcase classname="backend.tests.test_nan_inf_defensive_hardening.TestHistoryRegression" name="test_history_1y_200_and_finite[MSFT]" time="0.215" /><testcase classname="backend.tests.test_nan_inf_defensive_hardening.TestHistoryRegression" name="test_history_1y_200_and_finite[AAPL]" time="0.268" /><testcase classname="backend.tests.test_nan_inf_defensive_hardening.TestHistoryRegression" name="test_history_1y_200_and_finite[GOOGL]" time="0.138" /><testcase classname="backend.tests.test_nan_inf_defensive_hardening.TestHistoryRegression" name="test_history_1y_200_and_finite[NVDA]" time="0.196" /><testcase classname="backend.tests.test_nan_inf_defensive_hardening.TestHistoryRegression" name="test_history_1y_200_and_finite[TSLA]" time="0.224" /><testcase classname="backend.tests.test_nan_inf_defensive_hardening.TestHistoryRegression" name="test_history_1y_200_and_finite[AMZN]" time="0.216" /><testcase classname="backend.tests.test_nan_inf_defensive_hardening.TestHistoryRegression" name="test_history_1y_200_and_finite[META]" time="0.221" /><testcase classname="backend.tests.test_nan_inf_defensive_hardening.TestHistoryRegression" name="test_history_1y_200_and_finite[CRM]" time="0.160" /><testcase classname="backend.tests.test_nan_inf_defensive_hardening.TestHistoryRegression" name="test_history_1y_200_and_finite[ABT]" time="0.207" /><testcase classname="backend.tests.test_nan_inf_defensive_hardening.TestHistoryRegression" name="test_history_1y_200_and_finite[JNJ]" time="0.274" /><testcase classname="backend.tests.test_nan_inf_defensive_hardening.TestHistoryRegression" name="test_history_1y_200_and_finite[KO]" time="0.297" /><testcase classname="backend.tests.test_nan_inf_defensive_hardening.TestHistoryRegression" name="test_history_1y_200_and_finite[V]" time="0.234" /><testcase classname="backend.tests.test_nan_inf_defensive_hardening.TestHistoryRegression" name="test_history_1y_200_and_finite[PFE]" time="0.249" /><testcase classname="backend.tests.test_nan_inf_defensive_hardening.TestHistoryRegression" name="test_history_1y_200_and_finite[ORCL]" time="0.189" /><testcase classname="backend.tests.test_nan_inf_defensive_hardening.TestHistoryRegression" name="test_history_1y_200_and_finite[NFLX]" time="0.189" /><testcase classname="backend.tests.test_nan_inf_defensive_hardening.TestHistoryRegression" name="test_history_1y_200_and_finite[BAC]" time="0.252" /><testcase classname="backend.tests.test_nan_inf_defensive_hardening.TestHistoryRegression" name="test_history_1y_200_and_finite[INTC]" time="0.239" /><testcase classname="backend.tests.test_nan_inf_defensive_hardening.TestHistoryRegression" name="test_history_1y_200_and_finite[PG]" time="0.227" /><testcase classname="backend.tests.test_nan_inf_defensive_hardening.TestHistoryRegression" name="test_history_1y_200_and_finite[RELIANCE.NS]" time="0.242" /><testcase classname="backend.tests.test_nan_inf_defensive_hardening.TestHistoryRegression" name="test_history_1y_200_and_finite[TCS.NS]" time="0.197" /><testcase classname="backend.tests.test_nan_inf_defensive_hardening.TestInvalidTickerGracefulFailure" name="test_invalid_ticker_quote_returns_404" time="0.951" /><testcase classname="backend.tests.test_nan_inf_defensive_hardening.TestInvalidTickerGracefulFailure" name="test_invalid_ticker_history_returns_404" time="0.569" /><testcase classname="backend.tests.test_nan_inf_defensive_hardening.TestInvalidTickerGracefulFailure" name="test_invalid_ticker_earnings_snapshot_returns_structured" time="0.296" /><testcase classname="backend.tests.test_nan_inf_defensive_hardening.TestInvalidTickerGracefulFailure" name="test_invalid_ticker_health_report_does_not_500" time="0.609" /></testsuite></testsuites>