<?xml version="1.0" encoding="utf-8"?><testsuites name="pytest tests"><testsuite name="pytest" errors="0" failures="0" skipped="0" tests="9" time="2.233" timestamp="2026-05-15T23:21:31.937380+00:00" hostname="agent-env-622e186e-4aa1-414e-9c47-87abf3dcdf1e"><testcase classname="backend.tests.test_pinned_stocks_reorder.TestPinnedStocksReorder" name="test_get_pinned_stocks_returns_sorted_by_order" time="0.137" /><testcase classname="backend.tests.test_pinned_stocks_reorder.TestPinnedStocksReorder" name="test_reorder_endpoint_updates_order" time="0.467" /><testcase classname="backend.tests.test_pinned_stocks_reorder.TestPinnedStocksReorder" name="test_reorder_with_partial_list" time="0.498" /><testcase classname="backend.tests.test_pinned_stocks_reorder.TestPinnedStocksReorder" name="test_reorder_preserves_stock_data" time="0.434" /><testcase classname="backend.tests.test_pinned_stocks_reorder.TestPinnedStocksReorder" name="test_reorder_with_empty_list" time="0.102" /><testcase classname="backend.tests.test_pinned_stocks_reorder.TestPinnedStocksReorder" name="test_reorder_with_nonexistent_ticker" time="0.222" /><testcase classname="backend.tests.test_pinned_stocks_reorder.TestPinnedStocksReorder" name="test_order_field_is_sequential" time="0.106" /><testcase classname="backend.tests.test_pinned_stocks_reorder.TestPinnedStocksBasicCRUD" name="test_get_pinned_stocks" time="0.109" /><testcase classname="backend.tests.test_pinned_stocks_reorder.TestPinnedStocksBasicCRUD" name="test_pinned_stock_has_order_field" time="0.105" /></testsuite></testsuites>