<?xml version="1.0" encoding="utf-8"?><testsuites name="pytest tests"><testsuite name="pytest" errors="0" failures="1" skipped="0" tests="27" time="75.780" timestamp="2026-05-16T23:17:19.622913+00:00" hostname="agent-env-622e186e-4aa1-414e-9c47-87abf3dcdf1e"><testcase classname="backend.tests.test_portfolio_tracker.TestEmptyState" name="test_get_portfolio_empty_returns_list" time="0.353" /><testcase classname="backend.tests.test_portfolio_tracker.TestEmptyState" name="test_get_summary_empty_marks_is_empty" time="0.323" /><testcase classname="backend.tests.test_portfolio_tracker.TestPortfolioCRUD" name="test_add_position_validation_ticker_required" time="0.332" /><testcase classname="backend.tests.test_portfolio_tracker.TestPortfolioCRUD" name="test_add_position_validation_shares_must_be_positive" time="0.342" /><testcase classname="backend.tests.test_portfolio_tracker.TestPortfolioCRUD" name="test_add_position_validation_cost_must_be_positive" time="0.334" /><testcase classname="backend.tests.test_portfolio_tracker.TestPortfolioCRUD" name="test_add_nvda_and_get_returns_computed_fields" time="0.783" /><testcase classname="backend.tests.test_portfolio_tracker.TestPortfolioCRUD" name="test_summary_one_position_allocation_100pct" time="0.742" /><testcase classname="backend.tests.test_portfolio_tracker.TestPortfolioCRUD" name="test_put_updates_shares" time="0.832" /><testcase classname="backend.tests.test_portfolio_tracker.TestPortfolioCRUD" name="test_put_returns_404_for_missing" time="0.347" /><testcase classname="backend.tests.test_portfolio_tracker.TestPortfolioCRUD" name="test_delete_removes_position" time="0.769" /><testcase classname="backend.tests.test_portfolio_tracker.TestPortfolioCRUD" name="test_delete_returns_404_for_missing" time="0.310" /><testcase classname="backend.tests.test_portfolio_tracker.TestImportCSV" name="test_preview_does_not_insert" time="0.426" /><testcase classname="backend.tests.test_portfolio_tracker.TestImportCSV" name="test_robinhood_auto_detect" time="0.318" /><testcase classname="backend.tests.test_portfolio_tracker.TestImportCSV" name="test_fidelity_auto_detect_broker_label" time="0.352" /><testcase classname="backend.tests.test_portfolio_tracker.TestImportCSV" name="test_dollar_and_comma_numbers_parse" time="0.347" /><testcase classname="backend.tests.test_portfolio_tracker.TestImportCSV" name="test_invalid_ticker_produces_warning_not_crash" time="0.309" /><testcase classname="backend.tests.test_portfolio_tracker.TestImportCSV" name="test_confirm_inserts_positions" time="1.013" /><testcase classname="backend.tests.test_portfolio_tracker.TestImportPaste" name="test_space_delimited_no_header" time="0.345" /><testcase classname="backend.tests.test_portfolio_tracker.TestImportPaste" name="test_colon_at_dollar_format" time="0.334" /><testcase classname="backend.tests.test_portfolio_tracker.TestImportPaste" name="test_empty_input_returns_warning" time="0.327" /><testcase classname="backend.tests.test_portfolio_tracker.TestSP500Benchmark" name="test_empty_summary_returns_null_sp500_fields" time="0.319"><failure message="AssertionError: sp500_return_pct key missing on empty summary&#10;assert 'sp500_return_pct' in {'allocation': [], 'best_performer': None, 'is_empty': True, 'position_count': 0, ...}">E   AssertionError: sp500_return_pct key missing on empty summary
    assert 'sp500_return_pct' in {'allocation': [], 'best_performer': None, 'is_empty': True, 'position_count': 0, ...}</failure></testcase><testcase classname="backend.tests.test_portfolio_tracker.TestSP500Benchmark" name="test_aapl_long_period_sp500_return" time="0.833" /><testcase classname="backend.tests.test_portfolio_tracker.TestSP500Benchmark" name="test_no_buy_date_uses_ytd_fallback" time="0.731" /><testcase classname="backend.tests.test_portfolio_tracker.TestSP500Benchmark" name="test_cost_weighted_average_not_simple" time="61.871" /><testcase classname="backend.tests.test_portfolio_tracker.TestSP500Benchmark" name="test_future_buy_date_skipped_no_crash" time="1.162" /><testcase classname="backend.tests.test_portfolio_tracker.TestSP500Benchmark" name="test_invalid_buy_date_fallback_no_crash" time="0.653" /><testcase classname="backend.tests.test_portfolio_tracker.TestSP500Benchmark" name="test_cache_consistent_across_rapid_calls" time="0.907" /></testsuite></testsuites>