<?xml version="1.0" encoding="utf-8"?><testsuites name="pytest tests"><testsuite name="pytest" errors="0" failures="0" skipped="0" tests="20" time="11.153" timestamp="2026-05-16T22:57:26.764442+00:00" hostname="agent-env-622e186e-4aa1-414e-9c47-87abf3dcdf1e"><testcase classname="backend.tests.test_portfolio_tracker.TestEmptyState" name="test_get_portfolio_empty_returns_list" time="1.986" /><testcase classname="backend.tests.test_portfolio_tracker.TestEmptyState" name="test_get_summary_empty_marks_is_empty" time="0.316" /><testcase classname="backend.tests.test_portfolio_tracker.TestPortfolioCRUD" name="test_add_position_validation_ticker_required" time="0.393" /><testcase classname="backend.tests.test_portfolio_tracker.TestPortfolioCRUD" name="test_add_position_validation_shares_must_be_positive" time="0.422" /><testcase classname="backend.tests.test_portfolio_tracker.TestPortfolioCRUD" name="test_add_position_validation_cost_must_be_positive" time="0.331" /><testcase classname="backend.tests.test_portfolio_tracker.TestPortfolioCRUD" name="test_add_nvda_and_get_returns_computed_fields" time="0.774" /><testcase classname="backend.tests.test_portfolio_tracker.TestPortfolioCRUD" name="test_summary_one_position_allocation_100pct" time="0.729" /><testcase classname="backend.tests.test_portfolio_tracker.TestPortfolioCRUD" name="test_put_updates_shares" time="0.850" /><testcase classname="backend.tests.test_portfolio_tracker.TestPortfolioCRUD" name="test_put_returns_404_for_missing" time="0.315" /><testcase classname="backend.tests.test_portfolio_tracker.TestPortfolioCRUD" name="test_delete_removes_position" time="0.769" /><testcase classname="backend.tests.test_portfolio_tracker.TestPortfolioCRUD" name="test_delete_returns_404_for_missing" time="0.311" /><testcase classname="backend.tests.test_portfolio_tracker.TestImportCSV" name="test_preview_does_not_insert" time="0.454" /><testcase classname="backend.tests.test_portfolio_tracker.TestImportCSV" name="test_robinhood_auto_detect" time="0.343" /><testcase classname="backend.tests.test_portfolio_tracker.TestImportCSV" name="test_fidelity_auto_detect_broker_label" time="0.321" /><testcase classname="backend.tests.test_portfolio_tracker.TestImportCSV" name="test_dollar_and_comma_numbers_parse" time="0.333" /><testcase classname="backend.tests.test_portfolio_tracker.TestImportCSV" name="test_invalid_ticker_produces_warning_not_crash" time="0.333" /><testcase classname="backend.tests.test_portfolio_tracker.TestImportCSV" name="test_confirm_inserts_positions" time="1.046" /><testcase classname="backend.tests.test_portfolio_tracker.TestImportPaste" name="test_space_delimited_no_header" time="0.351" /><testcase classname="backend.tests.test_portfolio_tracker.TestImportPaste" name="test_colon_at_dollar_format" time="0.332" /><testcase classname="backend.tests.test_portfolio_tracker.TestImportPaste" name="test_empty_input_returns_warning" time="0.359" /></testsuite></testsuites>