<?xml version="1.0" encoding="utf-8"?><testsuites name="pytest tests"><testsuite name="pytest" errors="0" failures="0" skipped="0" tests="11" time="7.397" timestamp="2026-05-16T18:30:14.094475+00:00" hostname="agent-env-622e186e-4aa1-414e-9c47-87abf3dcdf1e"><testcase classname="backend.tests.test_price_alerts.TestPriceAlertsAPI" name="test_health_check" time="4.605" /><testcase classname="backend.tests.test_price_alerts.TestPriceAlertsAPI" name="test_create_price_alert_above" time="0.314" /><testcase classname="backend.tests.test_price_alerts.TestPriceAlertsAPI" name="test_create_price_alert_below" time="0.253" /><testcase classname="backend.tests.test_price_alerts.TestPriceAlertsAPI" name="test_create_price_alert_invalid_condition" time="0.131" /><testcase classname="backend.tests.test_price_alerts.TestPriceAlertsAPI" name="test_get_all_price_alerts" time="0.354" /><testcase classname="backend.tests.test_price_alerts.TestPriceAlertsAPI" name="test_get_active_price_alerts_only" time="0.113" /><testcase classname="backend.tests.test_price_alerts.TestPriceAlertsAPI" name="test_delete_price_alert" time="0.408" /><testcase classname="backend.tests.test_price_alerts.TestPriceAlertsAPI" name="test_delete_nonexistent_alert" time="0.127" /><testcase classname="backend.tests.test_price_alerts.TestPriceAlertsAPI" name="test_check_price_alerts" time="0.582" /><testcase classname="backend.tests.test_price_alerts.TestPriceAlertsAPI" name="test_create_and_verify_persistence" time="0.312" /><testcase classname="backend.tests.test_price_alerts.TestExistingAlerts" name="test_existing_alerts_structure" time="0.124" /></testsuite></testsuites>