<?xml version="1.0" encoding="utf-8"?><testsuites name="pytest tests"><testsuite name="pytest" errors="0" failures="0" skipped="0" tests="13" time="3.490" timestamp="2026-05-16T18:53:22.113902+00:00" hostname="agent-env-622e186e-4aa1-414e-9c47-87abf3dcdf1e"><testcase classname="backend.tests.test_search_fuzzy.TestFuzzyCompanyName" name="test_salesforce_returns_crm" time="0.374" /><testcase classname="backend.tests.test_search_fuzzy.TestFuzzyCompanyName" name="test_abbott_returns_abt" time="0.254" /><testcase classname="backend.tests.test_search_fuzzy.TestFuzzyCompanyName" name="test_tesla_returns_tsla" time="0.299" /><testcase classname="backend.tests.test_search_fuzzy.TestFuzzyCompanyName" name="test_microsoft_returns_msft" time="0.210" /><testcase classname="backend.tests.test_search_fuzzy.TestFuzzyCompanyName" name="test_reliance_returns_nse_or_bse" time="0.213" /><testcase classname="backend.tests.test_search_fuzzy.TestDirectTicker" name="test_aapl_direct" time="0.278" /><testcase classname="backend.tests.test_search_fuzzy.TestDirectTicker" name="test_crm_direct" time="0.272" /><testcase classname="backend.tests.test_search_fuzzy.TestExchangeFilter" name="test_salesforce_us_only" time="0.111" /><testcase classname="backend.tests.test_search_fuzzy.TestExchangeFilter" name="test_reliance_nse_only" time="0.102" /><testcase classname="backend.tests.test_search_fuzzy.TestExchangeFilter" name="test_no_foreign_exchanges" time="0.518" /><testcase classname="backend.tests.test_search_fuzzy.TestRegression" name="test_aapl_quote" time="0.540" /><testcase classname="backend.tests.test_search_fuzzy.TestRegression" name="test_price_alerts_list" time="0.124" /><testcase classname="backend.tests.test_search_fuzzy.TestRegression" name="test_pinned_stocks_list" time="0.149" /></testsuite></testsuites>