<?xml version="1.0" encoding="utf-8"?><testsuites name="pytest tests"><testsuite name="pytest" errors="0" failures="0" skipped="0" tests="7" time="1.813" timestamp="2026-05-22T19:54:05.482708+00:00" hostname="agent-env-622e186e-4aa1-414e-9c47-87abf3dcdf1e"><testcase classname="backend.tests.test_capital_deployments" name="test_endpoint_returns_200_for_known_filer" time="0.216" /><testcase classname="backend.tests.test_capital_deployments" name="test_nvda_is_13f_filer_with_holdings" time="0.107" /><testcase classname="backend.tests.test_capital_deployments" name="test_brk_b_has_large_book" time="0.134" /><testcase classname="backend.tests.test_capital_deployments" name="test_aapl_is_not_a_13f_filer" time="0.114" /><testcase classname="backend.tests.test_capital_deployments" name="test_acquisition_rows_well_formed" time="0.397" /><testcase classname="backend.tests.test_capital_deployments" name="test_response_is_json_safe_no_nan_inf" time="0.688" /><testcase classname="backend.tests.test_capital_deployments" name="test_invalid_ticker_does_not_500" time="0.110" /></testsuite></testsuites>